0.41871	0.01855252	0.002181053
0.42871	0.01860197	0.00219183
0.43871	0.01865294	0.002202968
0.44871	0.01870546	0.002214479
0.45871	0.01875957	0.002226371
0.46871	0.01881529	0.002238655
0.47871	0.01887266	0.002251341
0.48871	0.01893172	0.002264441
0.49871	0.01899249	0.002277966
0.50871	0.01905502	0.002291928
0.51871	0.01911935	0.00230634
0.52871	0.01918552	0.002321216
0.53871	0.01925356	0.00233657
0.54871	0.01932353	0.002352417
0.55871	0.01939547	0.002368773
0.56871	0.01946944	0.002385653
0.57871	0.01954547	0.002403075
0.58871	0.01962363	0.002421057
0.59871	0.01970397	0.002439619
0.60871	0.01978654	0.00245878
0.61871	0.01987142	0.002478562
0.62871	0.01995866	0.002498986
0.63871	0.02004833	0.002520077
0.64871	0.02014049	0.002541858
0.65871	0.02023523	0.002564357
0.66871	0.02033262	0.0025876
0.67871	0.02043274	0.002611617
0.68871	0.02053567	0.002636439
0.69871	0.0206415	0.002662098
0.70871	0.02075033	0.002688628
0.71871	0.02086225	0.002716066
0.72871	0.02097736	0.002744451
0.73871	0.02109578	0.002773825
0.74871	0.02121761	0.002804229
0.75871	0.02134297	0.002835711
0.76871	0.021472	0.00286832
0.77871	0.02160482	0.002902109
0.78871	0.02174157	0.002937132
0.79871	0.0218824	0.002973451
0.80871	0.02202747	0.003011127
0.81871	0.02217695	0.00305023
0.82871	0.022331	0.003090832
0.83871	0.02248981	0.00313301
0.84871	0.02265358	0.003176847
0.85871	0.02282251	0.003222434
0.86871	0.02299683	0.003269866
0.87871	0.02317678	0.003319246
0.88871	0.0233626	0.003370687
0.89871	0.02355456	0.003424307
0.90871	0.02375294	0.003480236
0.91871	0.02395805	0.003538615
0.92871	0.02417021	0.003599596
0.93871	0.02438978	0.003663342
0.94871	0.02461711	0.003730034
0.95871	0.02485261	0.003799866
0.96871	0.02509672	0.003873051
0.97871	0.02534988	0.00394982
0.98871	0.02561261	0.004030429
0.99871	0.02588543	0.004115155
1.0087	0.02616893	0.004204305
1.0187	0.02646373	0.004298217
1.0287	0.02677052	0.004397263
1.0387	0.02709004	0.004501855
1.0487	0.02742309	0.004612453
1.0587	0.02777055	0.004729563
1.0687	0.0281334	0.004853756
1.0787	0.02851267	0.004985667
1.0887	0.02890954	0.005126011
1.0987	0.02932527	0.005275591
1.1087	0.02976127	0.005435317
1.1187	0.03021911	0.005606223
1.1287	0.03070051	0.005789484
1.1387	0.0312074	0.005986447
1.1487	0.03174193	0.006198659
1.1587	0.03230652	0.006427909
1.1687	0.03290387	0.006676273
1.1787	0.03353706	0.006946178
1.1887	0.03420956	0.007240475
1.1987	0.03492532	0.007562539
1.2087	0.03568888	0.00791639
1.2187	0.03650541	0.008306859
1.2287	0.03738094	0.0087398
1.2387	0.03832241	0.009222373
1.2487	0.03933795	0.009763433
1.2587	0.04043709	0.01037405
1.2687	0.04163102	0.01106827
1.2787	0.04293303	0.01186414
1.2887	0.04435882	0.01278526
1.2987	0.04592702	0.01386308
1.3087	0.04765951	0.01514044
1.3187	0.04958147	0.01667705
1.3287	0.05172024	0.01855855
1.3387	0.05410112	0.02091145
1.3487	0.05673438	0.02392833
1.3587	0.05957791	0.02790851
1.3687	0.06243353	0.03330906
1.3787	0.06469143	0.04072595
1.3887	0.06494712	0.05047842
1.3987	0.06126492	0.06154414
1.4087	0.0528091	0.07122359
1.4187	0.04110405	0.07666712
1.4287	0.02940513	0.07705086
1.4387	0.02011457	0.07409089
1.4487	0.01353517	0.06989574
1.4587	0.009003789	0.06562715
1.4687	0.00584176	0.06170642
1.4787	0.00357606	0.0582262
1.4887	0.001906009	0.05516452
1.4987	0.0006423967	0.05246823
1.5087	-0.0003359162	0.05008185
1.5187	-0.001108519	0.04795628
1.5287	-0.001729147	0.04605041
1.5387	-0.002235046	0.04433052
1.5487	-0.002652653	0.04276909
1.5587	-0.003001153	0.04134366
1.5687	-0.003294739	0.04003575
1.5787	-0.003544103	0.03883011
1.5887	-0.003757421	0.03771406
1.5987	-0.003941042	0.03667694
1.6087	-0.004099956	0.03570979
1.6187	-0.004238134	0.03480498
1.6287	-0.004358768	0.03395599
1.6387	-0.004464451	0.0331572
1.6487	-0.004557305	0.03240375
1.6587	-0.004639085	0.03169144
1.6687	-0.004711251	0.03101656
1.6787	-0.004775028	0.03037588
1.6887	-0.004831448	0.02976652
1.6987	-0.004881387	0.02918596
1.7087	-0.004925595	0.02863194
1.7187	-0.004964714	0.02810245
1.7287	-0.004999297	0.02759568
1.7387	-0.005029825	0.02711
1.7487	-0.005056715	0.02664397
1.7587	-0.005080333	0.02619625
1.7687	-0.005100998	0.02576564
1.7787	-0.005118994	0.02535106
1.7887	-0.005134568	0.0249515
1.7987	-0.005147942	0.02456607
1.8087	-0.005159312	0.02419391
1.8187	-0.005168854	0.02383428
1.8287	-0.005176724	0.02348647
1.8387	-0.005183063	0.02314982
1.8487	-0.005187997	0.02282375
1.8587	-0.00519164	0.02250769
1.8687	-0.005194095	0.02220113
1.8787	-0.005195454	0.0219036
1.8887	-0.005195803	0.02161466
1.8987	-0.005195218	0.02133388
1.9087	-0.00519377	0.02106089
1.9187	-0.005191521	0.02079533
1.9287	-0.005188531	0.02053685
1.9387	-0.005184854	0.02028516
1.9487	-0.005180537	0.02003994
1.9587	-0.005175626	0.01980092
1.9687	-0.005170164	0.01956785
1.9787	-0.005164187	0.01934048
1.9887	-0.005157731	0.01911857
1.9987	-0.00515083	0.01890191
2.0087	-0.005143512	0.0186903
2.0187	-0.005135807	0.01848354
2.0287	-0.005127739	0.01828144
2.0387	-0.005119334	0.01808384
2.0487	-0.005110613	0.01789056
2.0587	-0.005101598	0.01770146
2.0687	-0.005092307	0.01751638
2.0787	-0.00508276	0.01733519
2.0887	-0.005072972	0.01715774
2.0987	-0.00506296	0.01698392
2.1087	-0.005052739	0.0168136
2.1187	-0.005042322	0.01664667
2.1287	-0.005031723	0.01648301
2.1387	-0.005020953	0.01632253
2.1487	-0.005010024	0.01616512
2.1587	-0.004998947	0.01601068
2.1687	-0.004987732	0.01585912
2.1787	-0.004976388	0.01571037
2.1887	-0.004964924	0.01556432
2.1987	-0.004953349	0.01542091
2.2087	-0.004941671	0.01528005
2.2187	-0.004929897	0.01514168
2.2287	-0.004918034	0.01500572
2.2387	-0.004906089	0.0148721
2.2487	-0.004894068	0.01474076
2.2587	-0.004881977	0.01461164
2.2687	-0.004869822	0.01448467
2.2787	-0.004857608	0.0143598
2.2887	-0.00484534	0.01423697
2.2987	-0.004833023	0.01411614
2.3087	-0.004820662	0.01399724
2.3187	-0.00480826	0.01388022
2.3287	-0.004795821	0.01376505
2.3387	-0.004783351	0.01365167
2.3487	-0.004770851	0.01354004
2.3587	-0.004758327	0.01343012
2.3687	-0.00474578	0.01332186
2.3787	-0.004733214	0.01321523
2.3887	-0.004720633	0.01311018
2.3987	-0.004708038	0.01300669
2.4087	-0.004695434	0.0129047
2.4187	-0.004682821	0.01280419
2.4287	-0.004670203	0.01270513
2.4387	-0.004657581	0.01260748
2.4487	-0.004644959	0.01251121
2.4587	-0.004632338	0.01241628
2.4687	-0.00461972	0.01232268
2.4787	-0.004607108	0.01223037
2.4887	-0.004594502	0.01213932
2.4987	-0.004581904	0.0120495
2.5087	-0.004569317	0.01196089
2.5187	-0.004556742	0.01187347
2.5287	-0.00454418	0.01178721
2.5387	-0.004531632	0.01170208
2.5487	-0.004519101	0.01161806
2.5587	-0.004506586	0.01153514
2.5687	-0.00449409	0.01145328
2.5787	-0.004481614	0.01137246
2.5887	-0.004469159	0.01129268
2.5987	-0.004456725	0.01121389
2.6087	-0.004444314	0.0111361
2.6187	-0.004431927	0.01105926
2.6287	-0.004419564	0.01098338
2.6387	-0.004407227	0.01090843
2.6487	-0.004394916	0.01083439
2.6587	-0.004382632	0.01076124
2.6687	-0.004370376	0.01068897
2.6787	-0.004358148	0.01061756
2.6887	-0.00434595	0.01054701
2.6987	-0.004333781	0.01047728
2.7087	-0.004321643	0.01040836
2.7187	-0.004309536	0.01034025
2.7287	-0.00429746	0.01027293
2.7387	-0.004285416	0.01020638
2.7487	-0.004273405	0.01014059
2.7587	-0.004261427	0.01007554
2.7687	-0.004249482	0.01001123
2.7787	-0.004237571	0.009947638
2.7887	-0.004225694	0.009884756
2.7987	-0.004213852	0.00982257
2.8087	-0.004202045	0.009761069
2.8187	-0.004190272	0.009700241
2.8287	-0.004178536	0.009640075
2.8387	-0.004166835	0.009580561
2.8487	-0.00415517	0.009521687
2.8587	-0.004143542	0.009463443
2.8687	-0.00413195	0.009405819
2.8787	-0.004120396	0.009348804
2.8887	-0.004108878	0.00929239
2.8987	-0.004097397	0.009236567
2.9087	-0.004085954	0.009181324
2.9187	-0.004074548	0.009126654
2.9287	-0.00406318	0.009072547
2.9387	-0.00405185	0.009018995
2.9487	-0.004040558	0.008965989
2.9587	-0.004029304	0.00891352
2.9687	-0.004018088	0.00886158
2.9787	-0.004006911	0.008810162
2.9887	-0.003995772	0.008759258
2.9987	-0.003984671	0.008708859