0.41871	0.01760655	0.001373521
0.42871	0.01765219	0.001380525
0.43871	0.01769923	0.001387766
0.44871	0.0177477	0.00139525
0.45871	0.01779762	0.001402984
0.46871	0.01784903	0.001410974
0.47871	0.01790196	0.001419228
0.48871	0.01795643	0.001427752
0.49871	0.01801248	0.001436556
0.50871	0.01807014	0.001445646
0.51871	0.01812945	0.001455032
0.52871	0.01819045	0.001464722
0.53871	0.01825317	0.001474726
0.54871	0.01831765	0.001485054
0.55871	0.01838395	0.001495716
0.56871	0.0184521	0.001506723
0.57871	0.01852214	0.001518087
0.58871	0.01859413	0.00152982
0.59871	0.01866812	0.001541935
0.60871	0.01874415	0.001554444
0.61871	0.01882229	0.001567363
0.62871	0.01890259	0.001580706
0.63871	0.01898512	0.001594489
0.64871	0.01906993	0.001608728
0.65871	0.01915709	0.001623441
0.66871	0.01924667	0.001638647
0.67871	0.01933874	0.001654364
0.68871	0.01943339	0.001670615
0.69871	0.01953068	0.00168742
0.70871	0.0196307	0.001704802
0.71871	0.01973355	0.001722787
0.72871	0.01983931	0.001741401
0.73871	0.01994808	0.00176067
0.74871	0.02005996	0.001780625
0.75871	0.02017506	0.001801297
0.76871	0.0202935	0.001822718
0.77871	0.02041539	0.001844925
0.78871	0.02054085	0.001867955
0.79871	0.02067004	0.001891848
0.80871	0.02080307	0.001916648
0.81871	0.02094011	0.0019424
0.82871	0.02108131	0.001969153
0.83871	0.02122683	0.001996961
0.84871	0.02137686	0.00202588
0.85871	0.02153158	0.002055971
0.86871	0.02169119	0.002087298
0.87871	0.0218559	0.002119933
0.88871	0.02202593	0.002153951
0.89871	0.02220154	0.002189435
0.90871	0.02238296	0.002226471
0.91871	0.02257048	0.002265157
0.92871	0.02276439	0.002305596
0.93871	0.022965	0.002347901
0.94871	0.02317264	0.002392195
0.95871	0.02338768	0.002438611
0.96871	0.02361049	0.002487296
0.97871	0.0238415	0.002538409
0.98871	0.02408115	0.002592124
0.99871	0.02432992	0.002648635
1.0087	0.02458834	0.002708152
1.0187	0.02485696	0.002770909
1.0287	0.02513641	0.002837164
1.0387	0.02542734	0.002907202
1.0487	0.02573049	0.002981341
1.0587	0.02604664	0.003059935
1.0687	0.02637666	0.00314338
1.0787	0.0267215	0.003232118
1.0887	0.02708219	0.003326649
1.0987	0.0274599	0.003427535
1.1087	0.02785587	0.003535414
1.1187	0.02827152	0.00365101
1.1287	0.02870841	0.003775152
1.1387	0.02916827	0.003908787
1.1487	0.02965304	0.004053009
1.1587	0.03016491	0.004209085
1.1687	0.03070632	0.004378488
1.1787	0.03128006	0.004562945
1.1887	0.03188927	0.00476449
1.1987	0.03253754	0.004985538
1.2087	0.03322899	0.005228973
1.2187	0.03396836	0.005498274
1.2287	0.03476113	0.005797669
1.2387	0.03561371	0.006132349
1.2487	0.03653357	0.006508758
1.2587	0.03752954	0.00693499
1.2687	0.03861206	0.007421346
1.2787	0.03979361	0.00798114
1.2887	0.04108911	0.008631871
1.2987	0.04251651	0.009396979
1.3087	0.04409734	0.01030856
1.3187	0.04585719	0.01141167
1.3287	0.04782557	0.01277132
1.3387	0.05003384	0.01448427
1.3487	0.05250719	0.01669908
1.3587	0.05523968	0.01964925
1.3687	0.05812123	0.02369854
1.3787	0.06074919	0.02934711
1.3887	0.06211312	0.03696103
1.3987	0.06069254	0.04595819
1.4087	0.05568951	0.05442713
1.4187	0.0480218	0.06032406
1.4287	0.03971886	0.06294714
1.4387	0.03234262	0.06311566
1.4487	0.0263079	0.06196339
1.4587	0.0214561	0.0602025
1.4687	0.01754307	0.05818862
1.4787	0.01436707	0.05610105
1.4887	0.01177296	0.05403622
1.4987	0.009640228	0.05204668
1.5087	0.007874377	0.05015923
1.5187	0.006401234	0.04838496
1.5287	0.005162685	0.04672564
1.5387	0.004113256	0.0451777
1.5487	0.003217325	0.04373483
1.5587	0.002446897	0.04238948
1.5687	0.001779869	0.04113379
1.5787	0.001198679	0.03996008
1.5887	0.0006892839	0.03886109
1.5987	0.0002403687	0.03783016
1.6087	-0.000157245	0.03686121
1.6187	-0.000511058	0.03594875
1.6287	-0.000827243	0.03508786
1.6387	-0.001110914	0.0342741
1.6487	-0.001366337	0.03350352
1.6587	-0.00159709	0.03277257
1.6687	-0.001806196	0.03207806
1.6787	-0.001996218	0.03141713
1.6887	-0.002169347	0.03078723
1.6987	-0.00232746	0.03018602
1.7087	-0.002472177	0.02961142
1.7187	-0.002604899	0.02906154
1.7287	-0.002726846	0.02853468
1.7387	-0.002839081	0.02802927
1.7487	-0.00294254	0.02754391
1.7587	-0.003038042	0.02707729
1.7687	-0.003126314	0.02662826
1.7787	-0.003207997	0.02619572
1.7887	-0.003283664	0.02577868
1.7987	-0.003353822	0.02537625
1.8087	-0.003418928	0.02498759
1.8187	-0.00347939	0.02461192
1.8287	-0.003535573	0.02424853
1.8387	-0.00358781	0.02389677
1.8487	-0.003636399	0.02355602
1.8587	-0.00368161	0.02322572
1.8687	-0.003723689	0.02290534
1.8787	-0.003762859	0.0225944
1.8887	-0.003799322	0.02229243
1.8987	-0.003833266	0.02199902
1.9087	-0.003864859	0.02171375
1.9187	-0.003894258	0.02143628
1.9287	-0.003921605	0.02116623
1.9387	-0.003947031	0.02090329
1.9487	-0.003970657	0.02064715
1.9587	-0.003992595	0.02039753
1.9687	-0.004012948	0.02015414
1.9787	-0.004031812	0.01991673
1.9887	-0.004049273	0.01968507
1.9987	-0.004065416	0.01945893
2.0087	-0.004080314	0.01923809
2.0187	-0.004094039	0.01902234
2.0287	-0.004106658	0.0188115
2.0387	-0.00411823	0.01860538
2.0487	-0.004128814	0.01840382
2.0587	-0.004138463	0.01820664
2.0687	-0.004147226	0.01801369
2.0787	-0.004155151	0.01782482
2.0887	-0.004162282	0.0176399
2.0987	-0.004168659	0.01745879
2.1087	-0.004174322	0.01728136
2.1187	-0.004179306	0.01710748
2.1287	-0.004183645	0.01693706
2.1387	-0.004187372	0.01676996
2.1487	-0.004190517	0.0166061
2.1587	-0.004193108	0.01644536
2.1687	-0.004195173	0.01628765
2.1787	-0.004196735	0.01613288
2.1887	-0.004197821	0.01598096
2.1987	-0.004198452	0.01583181
2.2087	-0.004198649	0.01568534
2.2187	-0.004198433	0.01554148
2.2287	-0.004197823	0.01540016
2.2387	-0.004196838	0.01526129
2.2487	-0.004195494	0.01512482
2.2587	-0.004193808	0.01499067
2.2687	-0.004191796	0.01485879
2.2787	-0.004189472	0.01472911
2.2887	-0.004186851	0.01460157
2.2987	-0.004183945	0.01447612
2.3087	-0.004180769	0.0143527
2.3187	-0.004177332	0.01423126
2.3287	-0.004173648	0.01411175
2.3387	-0.004169728	0.01399412
2.3487	-0.004165581	0.01387833
2.3587	-0.004161217	0.01376432
2.3687	-0.004156647	0.01365206
2.3787	-0.00415188	0.0135415
2.3887	-0.004146923	0.01343261
2.3987	-0.004141786	0.01332533
2.4087	-0.004136476	0.01321965
2.4187	-0.004131001	0.0131155
2.4287	-0.004125368	0.01301288
2.4387	-0.004119585	0.01291172
2.4487	-0.004113657	0.01281202
2.4587	-0.004107592	0.01271372
2.4687	-0.004101394	0.01261681
2.4787	-0.004095072	0.01252124
2.4887	-0.004088628	0.012427
2.4987	-0.00408207	0.01233404
2.5087	-0.004075402	0.01224236
2.5187	-0.00406863	0.01215191
2.5287	-0.004061757	0.01206267
2.5387	-0.00405479	0.01197461
2.5487	-0.004047731	0.01188772
2.5587	-0.004040585	0.01180197
2.5687	-0.004033356	0.01171734
2.5787	-0.004026048	0.01163379
2.5887	-0.004018665	0.01155132
2.5987	-0.004011211	0.01146989
2.6087	-0.004003688	0.0113895
2.6187	-0.003996101	0.01131011
2.6287	-0.003988451	0.01123171
2.6387	-0.003980743	0.01115429
2.6487	-0.00397298	0.01107781
2.6587	-0.003965163	0.01100227
2.6687	-0.003957297	0.01092764
2.6787	-0.003949383	0.01085392
2.6887	-0.003941424	0.01078107
2.6987	-0.003933423	0.0107091
2.7087	-0.003925381	0.01063797
2.7187	-0.003917301	0.01056768
2.7287	-0.003909186	0.01049821
2.7387	-0.003901037	0.01042954
2.7487	-0.003892857	0.01036167
2.7587	-0.003884647	0.01029457
2.7687	-0.003876409	0.01022824
2.7787	-0.003868146	0.01016265
2.7887	-0.003859858	0.01009781
2.7987	-0.003851548	0.01003369
2.8087	-0.003843217	0.00997028
2.8187	-0.003834866	0.009907574
2.8287	-0.003826498	0.009845557
2.8387	-0.003818114	0.009784217
2.8487	-0.003809715	0.009723543
2.8587	-0.003801302	0.009663525
2.8687	-0.003792877	0.009604152
2.8787	-0.003784441	0.009545412
2.8887	-0.003775995	0.009487297
2.8987	-0.003767541	0.009429796
2.9087	-0.00375908	0.009372899
2.9187	-0.003750612	0.009316596
2.9287	-0.003742139	0.009260879
2.9387	-0.003733662	0.009205738
2.9487	-0.003725182	0.009151165
2.9587	-0.003716699	0.00909715
2.9687	-0.003708215	0.009043684
2.9787	-0.003699731	0.00899076
2.9887	-0.003691247	0.00893837
2.9987	-0.003682764	0.008886504